[2025-04-10 09:29:12] File received: {"name":"full-stack-developer-resume-example (1).pdf","type":"application\/pdf","tmp_name":"C:\\xampp\\tmp\\php5DA6.tmp","error":0,"size":37660}
[2025-04-10 10:17:09] File received: {"name":"full-stack-developer-resume-example (1).pdf","type":"application\/pdf","tmp_name":"C:\\xampp\\tmp\\php41AD.tmp","error":0,"size":37660}
[2025-04-10 10:17:09] File moved to: uploads/resume_67f77e85537c1.pdf
[2025-04-10 10:17:09] PDF parsed successfully, text length: 1608
[2025-04-10 10:17:09] Temporary file deleted
[2025-04-10 10:17:09] Skills extracted: {"html":{"name":"html","confidence":0.8,"count":1},"css":{"name":"css","confidence":0.8,"count":1},"javascript":{"name":"javascript","confidence":0.8,"count":1},"react":{"name":"react","confidence":0.8,"count":1},"node.js":{"name":"node.js","confidence":0.8,"count":1},"angular":{"name":"angular","confidence":0.8,"count":1},"aws":{"name":"aws","confidence":0.8,"count":1}}
[2025-04-10 10:17:09] Eligibility checked: {"match_percentage":100,"matching_skills":["html"],"missing_skills":[],"is_eligible":true}
[2025-04-10 10:17:09] Job matches found: 2
[2025-04-10 10:17:50] File received: {"name":"full-stack-developer-resume-example (1).pdf","type":"application\/pdf","tmp_name":"C:\\xampp\\tmp\\phpE188.tmp","error":0,"size":37660}
[2025-04-10 10:17:50] File moved to: uploads/resume_67f77eae42307.pdf
[2025-04-10 10:17:50] PDF parsed successfully, text length: 1608
[2025-04-10 10:17:50] Temporary file deleted
[2025-04-10 10:17:50] Skills extracted: {"html":{"name":"html","confidence":0.8,"count":1},"css":{"name":"css","confidence":0.8,"count":1},"javascript":{"name":"javascript","confidence":0.8,"count":1},"react":{"name":"react","confidence":0.8,"count":1},"node.js":{"name":"node.js","confidence":0.8,"count":1},"angular":{"name":"angular","confidence":0.8,"count":1},"aws":{"name":"aws","confidence":0.8,"count":1}}
[2025-04-10 10:17:50] Eligibility checked: {"match_percentage":100,"matching_skills":["html","css"],"missing_skills":[],"is_eligible":true}
[2025-04-10 10:17:50] Job matches found: 2
[2025-04-10 10:17:59] File received: {"name":"full-stack-developer-resume-example (1).pdf","type":"application\/pdf","tmp_name":"C:\\xampp\\tmp\\php647.tmp","error":0,"size":37660}
[2025-04-10 10:17:59] File moved to: uploads/resume_67f77eb7a2d97.pdf
[2025-04-10 10:17:59] PDF parsed successfully, text length: 1608
[2025-04-10 10:17:59] Temporary file deleted
[2025-04-10 10:17:59] Skills extracted: {"html":{"name":"html","confidence":0.8,"count":1},"css":{"name":"css","confidence":0.8,"count":1},"javascript":{"name":"javascript","confidence":0.8,"count":1},"react":{"name":"react","confidence":0.8,"count":1},"node.js":{"name":"node.js","confidence":0.8,"count":1},"angular":{"name":"angular","confidence":0.8,"count":1},"aws":{"name":"aws","confidence":0.8,"count":1}}
[2025-04-10 10:17:59] Eligibility checked: {"match_percentage":66.67,"matching_skills":["html","css"],"missing_skills":["kdm"],"is_eligible":false}
[2025-04-10 10:17:59] Job matches found: 2
[2025-04-10 10:18:09] File received: {"name":"full-stack-developer-resume-example (1).pdf","type":"application\/pdf","tmp_name":"C:\\xampp\\tmp\\php2E52.tmp","error":0,"size":37660}
[2025-04-10 10:18:09] File moved to: uploads/resume_67f77ec1df17b.pdf
[2025-04-10 10:18:09] PDF parsed successfully, text length: 1608
[2025-04-10 10:18:09] Temporary file deleted
[2025-04-10 10:18:09] Skills extracted: {"html":{"name":"html","confidence":0.8,"count":1},"css":{"name":"css","confidence":0.8,"count":1},"javascript":{"name":"javascript","confidence":0.8,"count":1},"react":{"name":"react","confidence":0.8,"count":1},"node.js":{"name":"node.js","confidence":0.8,"count":1},"angular":{"name":"angular","confidence":0.8,"count":1},"aws":{"name":"aws","confidence":0.8,"count":1}}
[2025-04-10 10:18:09] Eligibility checked: {"match_percentage":100,"matching_skills":["html","css"],"missing_skills":[],"is_eligible":true}
[2025-04-10 10:18:09] Job matches found: 2
[2025-04-10 10:36:05] File received: {"name":"full-stack-developer-resume-example (1).pdf","type":"application\/pdf","tmp_name":"C:\\xampp\\tmp\\php9627.tmp","error":0,"size":37660}
[2025-04-10 10:36:05] File moved to: uploads/resume_67f782f514066.pdf
[2025-04-10 10:36:05] PDF parsed successfully, text length: 1608
[2025-04-10 10:36:05] Temporary file deleted
[2025-04-10 10:36:05] Skills extracted: {"html":{"name":"html","confidence":0.8,"count":1},"css":{"name":"css","confidence":0.8,"count":1},"javascript":{"name":"javascript","confidence":0.8,"count":1},"react":{"name":"react","confidence":0.8,"count":1},"node.js":{"name":"node.js","confidence":0.8,"count":1},"angular":{"name":"angular","confidence":0.8,"count":1},"aws":{"name":"aws","confidence":0.8,"count":1}}
[2025-04-10 10:36:05] Eligibility checked: {"match_percentage":100,"matching_skills":["html","css","javascript"],"missing_skills":[],"is_eligible":true}
[2025-04-10 10:36:05] Job matches found: 2
[2025-04-10 10:36:12] File received: {"name":"full-stack-developer-resume-example (1).pdf","type":"application\/pdf","tmp_name":"C:\\xampp\\tmp\\phpB4BC.tmp","error":0,"size":37660}
[2025-04-10 10:36:12] File moved to: uploads/resume_67f782fcdd089.pdf
[2025-04-10 10:36:12] PDF parsed successfully, text length: 1608
[2025-04-10 10:36:12] Temporary file deleted
[2025-04-10 10:36:12] Skills extracted: {"html":{"name":"html","confidence":0.8,"count":1},"css":{"name":"css","confidence":0.8,"count":1},"javascript":{"name":"javascript","confidence":0.8,"count":1},"react":{"name":"react","confidence":0.8,"count":1},"node.js":{"name":"node.js","confidence":0.8,"count":1},"angular":{"name":"angular","confidence":0.8,"count":1},"aws":{"name":"aws","confidence":0.8,"count":1}}
[2025-04-10 10:36:12] Eligibility checked: {"match_percentage":75,"matching_skills":["html","css","javascript"],"missing_skills":["dhvdv"],"is_eligible":true}
[2025-04-10 10:36:12] Job matches found: 2
[2025-04-10 10:37:11] File received: {"name":"CLASSACTIVITYJQUERY2.pdf","type":"application\/pdf","tmp_name":"C:\\xampp\\tmp\\php9A1C.tmp","error":0,"size":156443}
[2025-04-10 10:37:11] File moved to: uploads/resume_67f783379784f.pdf
[2025-04-10 10:37:11] PDF parsed successfully, text length: 8245
[2025-04-10 10:37:11] Temporary file deleted
[2025-04-10 10:37:11] Skills extracted: {"html":{"name":"html","confidence":1,"count":3}}
[2025-04-10 10:37:11] Eligibility checked: {"match_percentage":25,"matching_skills":["html"],"missing_skills":["css","javascript","dhvdv"],"is_eligible":false}
[2025-04-10 10:37:11] Job matches found: 0
[2025-04-13 13:34:08] File received: {"name":"full-stack-developer-resume-example (1).pdf","type":"application\/pdf","tmp_name":"C:\\xampp\\tmp\\php47A8.tmp","error":0,"size":37660}
[2025-04-13 13:34:08] File moved to: uploads/resume_67fba130ed273.pdf
[2025-04-13 13:34:09] PDF parsed successfully, text length: 1608
[2025-04-13 13:34:09] Temporary file deleted
[2025-04-13 13:34:09] Skills extracted: {"html":{"name":"html","confidence":0.8,"count":1},"css":{"name":"css","confidence":0.8,"count":1},"javascript":{"name":"javascript","confidence":0.8,"count":1},"react":{"name":"react","confidence":0.8,"count":1},"node.js":{"name":"node.js","confidence":0.8,"count":1},"angular":{"name":"angular","confidence":0.8,"count":1},"aws":{"name":"aws","confidence":0.8,"count":1}}
[2025-04-13 13:34:09] Eligibility checked: {"match_percentage":100,"matching_skills":["html","css"],"missing_skills":[],"is_eligible":true}
[2025-04-13 13:34:09] Job matches found: 2
